[2025-02-12 10:02:01] [INFO] Starting Horoyoi-sanSR 
[2025-02-12 10:02:01] [INFO] Git hash: Horoyoi-sanSR3.0.5x
[2025-02-12 10:02:01] [INFO] Game version: 3.0.5x
[2025-02-12 10:02:03] [INFO] Loaded 497 AvatarPromotionExcels.
[2025-02-12 10:02:03] [INFO] Loaded 426 AvatarRankExcels.
[2025-02-12 10:02:03] [INFO] Loaded 875 EquipmentPromotionExcels.
[2025-02-12 10:02:03] [INFO] Loaded 132 ChallengeTargetExcels.
[2025-02-12 10:02:03] [INFO] Loaded 615 RogueMapExcels.
[2025-02-12 10:02:03] [INFO] Loaded 217 NpcMonsterExcels.
[2025-02-12 10:02:03] [INFO] Loaded 149 BackGroundMusicExcels.
[2025-02-12 10:02:03] [INFO] Loaded 1 PetExcels.
[2025-02-12 10:02:03] [INFO] Loaded 1806 MonsterExcels.
[2025-02-12 10:02:03] [INFO] Loaded 42 RogueTalentExcels.
[2025-02-12 10:02:03] [INFO] Loaded 704 RogueRoomExcels.
[2025-02-12 10:02:03] [INFO] Loaded 5839 RewardExcels.
[2025-02-12 10:02:03] [INFO] Loaded 20 RogueNousSubStoryExcels.
[2025-02-12 10:02:03] [INFO] Loaded 543 ChallengeExcels.
[2025-02-12 10:02:03] [INFO] Loaded 21 SummonUnitExcels.
[2025-02-12 10:02:03] [INFO] Loaded 12 MusicRhythmTrackExcels.
[2025-02-12 10:02:04] [INFO] Loaded 1143 PropExcels.
[2025-02-12 10:02:04] [INFO] Loaded 315 CocoonExcels.
[2025-02-12 10:02:04] [INFO] Loaded 1842 RogueMonsterExcels.
[2025-02-12 10:02:04] [INFO] Loaded 3 MusicRhythmPhaseExcels.
[2025-02-12 10:02:04] [INFO] Loaded 240 EquipmentExpTypeExcels.
[2025-02-12 10:02:04] [INFO] Loaded 16 RogueDLCAreaExcels.
[2025-02-12 10:02:04] [INFO] Loaded 1182 NpcExcels.
[2025-02-12 10:02:04] [INFO] Loaded 64 RelicExpTypeExcels.
[2025-02-12 10:02:04] [INFO] Loaded 297 BattleEventDataExcels.
[2025-02-12 10:02:04] [INFO] Loaded 82 ShopExcels.
[2025-02-12 10:02:04] [INFO] Loaded 56 ChallengeGroupExcels.
[2025-02-12 10:02:04] [INFO] Loaded 126 TextJoinExcels.
[2025-02-12 10:02:04] [INFO] Loaded 48 RelicSubAffixExcels.
[2025-02-12 10:02:04] [INFO] Loaded 633 MapEntranceExcels.
[2025-02-12 10:02:04] [INFO] Loaded 251 MazePlaneExcels.
[2025-02-12 10:02:04] [INFO] Loaded 10 MultiplePathAvatarExcels.
[2025-02-12 10:02:04] [INFO] Loaded 3517 QuestExcels.
[2025-02-12 10:02:04] [INFO] Loaded 18 ContentPackageExcels.
[2025-02-12 10:02:04] [INFO] Loaded 240 ItemUseExcels.
[2025-02-12 10:02:04] [INFO] Loaded 9 MusicRhythmGroupExcels.
[2025-02-12 10:02:04] [INFO] Loaded 27 MusicRhythmLevelExcels.
[2025-02-12 10:02:04] [INFO] Loaded 12 RogueNousDiceBranchExcels.
[2025-02-12 10:02:04] [INFO] Loaded 117 RelicMainAffixExcels.
[2025-02-12 10:02:04] [INFO] Loaded 114 ActivityPanelExcels.
[2025-02-12 10:02:04] [INFO] Loaded 200 ExpTypeExcels.
[2025-02-12 10:02:04] [INFO] Loaded 44 RelicSetExcels.
[2025-02-12 10:02:04] [INFO] Loaded 56 RogueBonusExcels.
[2025-02-12 10:02:04] [INFO] Loaded 1447 MazeBuffExcels.
[2025-02-12 10:02:04] [INFO] Loaded 8 RogueNousMainStoryExcels.
[2025-02-12 10:02:04] [INFO] Loaded 260 RogueNPCExcels.
[2025-02-12 10:02:04] [INFO] Loaded 224 InteractExcels.
[2025-02-12 10:02:04] [INFO] Loaded 71 AvatarExcels.
[2025-02-12 10:02:04] [INFO] Loaded 78 RogueManagerExcels.
[2025-02-12 10:02:05] [INFO] Loaded 23010 StageExcels.
[2025-02-12 10:02:05] [INFO] Loaded 70 PlayerLevelExcels.
[2025-02-12 10:02:05] [INFO] Loaded 62 PlayerIconExcels.
[2025-02-12 10:02:05] [INFO] Loaded 9 RogueAeonExcels.
[2025-02-12 10:02:05] [INFO] Loaded 250 RogueMiracleExcels.
[2025-02-12 10:02:05] [INFO] Loaded 3696 ItemExcels.
[2025-02-12 10:02:05] [INFO] Loaded 278 ItemComposeExcels.
[2025-02-12 10:02:05] [INFO] Loaded 16 MusicRhythmSoundEffectExcels.
[2025-02-12 10:02:05] [INFO] Loaded 4 MusicRhythmSongExcels.
[2025-02-12 10:02:05] [INFO] Loaded 1343 DialogueEventExcels.
[2025-02-12 10:02:05] [INFO] Loaded 125 EquipmentExcels.
[2025-02-12 10:02:05] [INFO] Loaded 484 RogueBuffExcels.
[2025-02-12 10:02:05] [INFO] Loaded 1253 MappingInfoExcels.
[2025-02-12 10:02:05] [INFO] Loaded 69 ChallengeRewardExcels.
[2025-02-12 10:02:06] [INFO] Loaded 2681 MonsterDropExcels.
[2025-02-12 10:02:06] [INFO] Loaded 3 EquipmentExpItemExcels.
[2025-02-12 10:02:06] [INFO] Loaded 546 RogueBuffGroupExcels.
[2025-02-12 10:02:06] [INFO] Loaded 52 ChallengeStoryExtraExcels.
[2025-02-12 10:02:06] [INFO] Loaded 584 ShopGoodsExcels.
[2025-02-12 10:02:06] [INFO] Loaded 32 ChallengeBossExtraExcels.
[2025-02-12 10:02:06] [INFO] Loaded 9 ChatBubbleExcels.
[2025-02-12 10:02:06] [INFO] Loaded 3 AvatarExpItemExcels.
[2025-02-12 10:02:06] [INFO] Loaded 3586 AvatarSkillTreeExcels.
[2025-02-12 10:02:06] [INFO] Loaded 550 RelicExcels.
[2025-02-12 10:02:06] [INFO] Loaded 11 PhoneThemeExcels.
[2025-02-12 10:02:06] [INFO] Loaded 4 RelicExpItemExcels.
[2025-02-12 10:02:06] [INFO] Loaded 38 RogueAreaExcels.
[2025-02-12 10:02:06] [INFO] Loading floor infos... this may take a while.
[2025-02-12 10:03:51] [INFO] Loaded 498 floor infos.
[2025-02-12 10:03:53] [INFO] Loaded 71 maze abilities for avatars.
[2025-02-12 10:03:53] [INFO] Loaded 0 rogue events.
[2025-02-12 10:03:53] [INFO] Resource loading complete
[2025-02-12 10:03:55] [WARN] Horoyoi-sanSR
[2025-02-12 10:03:57] [INFO] Connected to the MongoDB database at mongodb://localhost:27017
[2025-02-12 10:03:58] [INFO] Http Server running as: DISPATCH, GATESERVER
[2025-02-12 10:03:58] [INFO] Http Server started on 21000
[2025-02-12 10:03:59] [INFO] Game Server registered 151 packet handlers
[2025-02-12 10:04:00] [WARN] No gacha banners loaded!
[2025-02-12 10:04:01] [INFO] Game Server started on 23301
[2025-02-12 10:04:01] [WARN] Horoyoi-sanSR
